[13:43:45] [main/INFO] (FabricLoader/GameProvider) Loading Minecraft 1.19.3 with Fabric Loader 0.14.19
[13:43:45] [main/INFO] (FabricLoader) Loading 46 mods:
	- fabric-api 0.76.1+1.19.3
	- fabric-api-base 0.4.21+70be179c85
	- fabric-api-lookup-api-v1 1.6.20+49abcf7e85
	- fabric-biome-api-v1 12.1.2+f1c68e5885
	- fabric-block-api-v1 1.0.5+e022e5d185
	- fabric-blockrenderlayer-v1 1.1.31+928d44d585
	- fabric-client-tags-api-v1 1.0.12+1134c5b885
	- fabric-command-api-v2 2.2.2+2961b4a085
	- fabric-content-registries-v0 3.5.3+1d37d50285
	- fabric-convention-tags-v1 1.3.0+521b5c5285
	- fabric-crash-report-info-v1 0.2.14+aeb40ebe85
	- fabric-data-generation-api-v1 11.3.3+40dc7a9485
	- fabric-dimensions-v1 2.1.42+00a2eb1085
	- fabric-entity-events-v1 1.5.7+b83334a085
	- fabric-events-interaction-v0 0.4.40+3baeb27a85
	- fabric-game-rule-api-v1 1.0.30+99f9db8085
	- fabric-gametest-api-v1 1.2.2+2ff127f585
	- fabric-item-api-v1 2.1.11+71b8257385
	- fabric-item-group-api-v1 2.1.14+b5470ac785
	- fabric-key-binding-api-v1 1.0.31+bc01e09785
	- fabric-lifecycle-events-v1 2.2.10+23a79c8a85
	- fabric-loot-api-v2 1.1.22+75e9821185
	- fabric-message-api-v1 5.1.0+c85585f885
	- fabric-mining-level-api-v1 2.1.33+49abcf7e85
	- fabric-models-v0 0.3.27+11ba9c3b85
	- fabric-networking-api-v1 1.2.17+4017a8cb85
	- fabric-object-builder-api-v1 5.4.3+eb2a3ba985
	- fabric-particles-v1 1.0.20+f1e4495b85
	- fabric-recipe-api-v1 1.0.1+5176f73d85
	- fabric-registry-sync-v0 2.1.0+f7b4d36485
	- fabric-renderer-api-v1 2.2.2+3a95925a85
	- fabric-renderer-indigo 0.8.0+3a95925a85
	- fabric-rendering-data-attachment-v1 0.3.25+afca2f3e85
	- fabric-rendering-fluids-v1 3.0.18+f1e4495b85
	- fabric-rendering-v1 1.13.0+ad17775585
	- fabric-resource-conditions-api-v1 2.3.0+e63306e085
	- fabric-resource-loader-v0 0.11.1+b93ffe4d85
	- fabric-screen-api-v1 1.0.41+f1e4495b85
	- fabric-screen-handler-api-v1 1.3.13+99f9db8085
	- fabric-sound-api-v1 1.0.8+75e9821185
	- fabric-transfer-api-v1 2.1.15+ccd377ba85
	- fabric-transitive-access-wideners-v1 2.3.1+40dc7a9485
	- fabricloader 0.14.19
	- java 17
	- minecraft 1.19.3
	- pzoom 1.0
[13:43:46] [main/INFO] (FabricLoader/Mixin) SpongePowered MIXIN Subsystem Version=0.8.5 Source=file:/C:/Users/Usuario/.gradle/caches/modules-2/files-2.1/net.fabricmc/sponge-mixin/0.12.4+mixin.0.8.5/e13b4069fe3555969811d4474f78576c707bbe1c/sponge-mixin-0.12.4+mixin.0.8.5.jar Service=Knot/Fabric Env=CLIENT
[13:43:46] [main/INFO] (FabricLoader/Mixin) Loaded Fabric development mappings for mixin remapper!
[13:43:46] [main/INFO] (FabricLoader/Mixin) Compatibility level set to JAVA_16
[13:43:46] [main/INFO] (FabricLoader/Mixin) Compatibility level set to JAVA_17
[13:43:53] [main/INFO] (Minecraft) Building optimized datafixer
[13:43:59] [Render thread/INFO] (Minecraft) Environment: authHost='https://authserver.mojang.com', accountsHost='https://api.mojang.com', sessionHost='https://sessionserver.mojang.com', servicesHost='https://api.minecraftservices.com', name='PROD'
[13:44:00] [Render thread/ERROR] (Minecraft) Failed to verify authentication
com.mojang.authlib.exceptions.InvalidCredentialsException: Status: 401
	at com.mojang.authlib.exceptions.MinecraftClientHttpException.toAuthenticationException(MinecraftClientHttpException.java:56) ~[authlib-3.16.29.jar:?]
	at com.mojang.authlib.yggdrasil.YggdrasilUserApiService.fetchProperties(YggdrasilUserApiService.java:156) ~[authlib-3.16.29.jar:?]
	at com.mojang.authlib.yggdrasil.YggdrasilUserApiService.<init>(YggdrasilUserApiService.java:55) ~[authlib-3.16.29.jar:?]
	at com.mojang.authlib.yggdrasil.YggdrasilAuthenticationService.createUserApiService(YggdrasilAuthenticationService.java:161) ~[authlib-3.16.29.jar:?]
	at net.minecraft.client.MinecraftClient.createUserApiService(MinecraftClient.java:707) ~[minecraft-merged-project-root-1.19.3-net.fabricmc.yarn.1_19_3.1.19.3+build.5-v2.jar:?]
	at net.minecraft.client.MinecraftClient.<init>(MinecraftClient.java:504) ~[minecraft-merged-project-root-1.19.3-net.fabricmc.yarn.1_19_3.1.19.3+build.5-v2.jar:?]
	at net.minecraft.client.main.Main.main(Main.java:184) ~[minecraft-merged-project-root-1.19.3-net.fabricmc.yarn.1_19_3.1.19.3+build.5-v2.jar:?]
	at net.minecraft.client.main.Main.main(Main.java:56) ~[minecraft-merged-project-root-1.19.3-net.fabricmc.yarn.1_19_3.1.19.3+build.5-v2.jar:?]
	at net.fabricmc.loader.impl.game.minecraft.MinecraftGameProvider.launch(MinecraftGameProvider.java:462) ~[fabric-loader-0.14.19.jar:?]
	at net.fabricmc.loader.impl.launch.knot.Knot.launch(Knot.java:74) ~[fabric-loader-0.14.19.jar:?]
	at net.fabricmc.loader.impl.launch.knot.KnotClient.main(KnotClient.java:23) ~[fabric-loader-0.14.19.jar:?]
	at net.fabricmc.devlaunchinjector.Main.main(Main.java:86) ~[dev-launch-injector-0.2.1+build.8.jar:?]
Caused by: com.mojang.authlib.exceptions.MinecraftClientHttpException: Status: 401
	at com.mojang.authlib.minecraft.client.MinecraftClient.readInputStream(MinecraftClient.java:85) ~[authlib-3.16.29.jar:?]
	at com.mojang.authlib.minecraft.client.MinecraftClient.get(MinecraftClient.java:48) ~[authlib-3.16.29.jar:?]
	at com.mojang.authlib.yggdrasil.YggdrasilUserApiService.fetchProperties(YggdrasilUserApiService.java:129) ~[authlib-3.16.29.jar:?]
	... 10 more
[13:44:00] [Render thread/INFO] (Minecraft) Setting user: Player526
[13:44:00] [Render thread/INFO] (pzoom) PZOOM: Initiating...
[13:44:00] [Render thread/INFO] (Indigo) [Indigo] Registering Indigo renderer!
[13:44:01] [Render thread/INFO] (Minecraft) Backend library: LWJGL version 3.3.1 SNAPSHOT
[13:44:06] [Render thread/INFO] (Minecraft) Reloading ResourceManager: vanilla, Fabric Mods (Fabric Resource Loader (v0), Fabric Mining Level API (v1), Fabric Sound API (v1), Fabric Loader, Fabric Recipe API (v1), Fabric Renderer API (v1), Fabric Loot API (v2), Fabric Key Binding API (v1), Fabric Message API (v1), Fabric Convention Tags, Fabric Object Builder API (v1), Fabric Client Tags, Fabric API, Fabric Crash Report Info (v1), Fabric Lifecycle Events (v1), Fabric Models (v0), Fabric Biome API (v1), Fabric BlockRenderLayer Registration (v1), Fabric Screen API (v1), Fabric Rendering Fluids (v1), Fabric Particles (v1), Fabric Item Group API (v1), Fabric Command API (v2), PZoom, Fabric API Lookup API (v1), Fabric Transfer API (v1), Fabric Networking API (v1), Fabric Game Rule API (v1), Fabric API Base, Fabric Block API (v1), Fabric Transitive Access Wideners (v1), Fabric Item API (v1), Fabric Rendering Data Attachment (v1), Fabric Data Generation API (v1), Fabric Screen Handler API (v1), Fabric Renderer - Indigo, Fabric Registry Sync (v0), Fabric Entity Events (v1), Fabric Resource Conditions API (v1), Fabric Rendering (v1), Fabric Events Interaction (v0), Fabric Game Test API (v1), Fabric Content Registries (v0), Fabric Dimensions API (v1))
[13:44:07] [Realms Notification Availability checker #1/INFO] (Minecraft) Could not authorize you against Realms server: Invalid session id
[13:44:09] [Render thread/WARN] (Minecraft) Missing sound for event: minecraft:item.goat_horn.play
[13:44:09] [Render thread/WARN] (Minecraft) Missing sound for event: minecraft:entity.goat.screaming.horn_break
[13:44:09] [Render thread/INFO] (Minecraft) OpenAL initialized on device OpenAL Soft on Audífono de los auriculares con micrófono (HyperX Virtual Surround Sound)
[13:44:09] [Render thread/INFO] (Minecraft) Sound engine started
[13:44:10] [Render thread/INFO] (Minecraft) Created: 1024x1024x4 minecraft:textures/atlas/blocks.png-atlas
[13:44:10] [Render thread/INFO] (Minecraft) Created: 512x256x4 minecraft:textures/atlas/signs.png-atlas
[13:44:10] [Render thread/INFO] (Minecraft) Created: 1024x512x4 minecraft:textures/atlas/shield_patterns.png-atlas
[13:44:10] [Render thread/INFO] (Minecraft) Created: 1024x512x4 minecraft:textures/atlas/banner_patterns.png-atlas
[13:44:10] [Render thread/INFO] (Minecraft) Created: 256x256x4 minecraft:textures/atlas/chest.png-atlas
[13:44:10] [Render thread/INFO] (Minecraft) Created: 512x256x4 minecraft:textures/atlas/beds.png-atlas
[13:44:10] [Render thread/INFO] (Minecraft) Created: 512x256x4 minecraft:textures/atlas/shulker_boxes.png-atlas
[13:44:10] [Render thread/WARN] (Minecraft) Shader rendertype_entity_translucent_emissive could not find sampler named Sampler2 in the specified shader program.
[13:44:10] [Render thread/INFO] (Minecraft) Created: 512x256x0 minecraft:textures/atlas/particles.png-atlas
[13:44:10] [Render thread/INFO] (Minecraft) Created: 256x256x0 minecraft:textures/atlas/paintings.png-atlas
[13:44:10] [Render thread/INFO] (Minecraft) Created: 256x128x0 minecraft:textures/atlas/mob_effects.png-atlas
[13:44:18] [Render thread/INFO] (Minecraft) Loaded 7 recipes
[13:44:19] [Render thread/INFO] (Minecraft) Loaded 1179 advancements
[13:44:24] [Worker-Bootstrap-4/INFO] (Minecraft) 4445 Datafixer optimizations took 31706 milliseconds
[13:44:41] [Render thread/INFO] (Minecraft) Loaded 7 recipes
[13:44:41] [Render thread/INFO] (Minecraft) Loaded 1179 advancements
[13:44:55] [Render thread/INFO] (BiomeModificationImpl) Applied 0 biome modifications to 0 of 63 new biomes in 2.169 ms
[13:44:55] [Server thread/INFO] (Minecraft) Starting integrated minecraft server version 1.19.3
[13:44:55] [Server thread/INFO] (Minecraft) Generating keypair
[13:44:56] [Server thread/INFO] (Minecraft) Preparing start region for dimension minecraft:overworld
[13:44:56] [Render thread/INFO] (Minecraft) Preparing spawn area: 0%
[13:44:56] [Render thread/INFO] (Minecraft) Preparing spawn area: 0%
[13:44:57] [Render thread/INFO] (Minecraft) Preparing spawn area: 3%
[13:44:57] [Render thread/INFO] (Minecraft) Time elapsed: 1284 ms
[13:44:57] [Server thread/INFO] (Minecraft) Changing view distance to 12, from 10
[13:44:57] [Server thread/INFO] (Minecraft) Changing simulation distance to 12, from 0
[13:44:58] [Server thread/INFO] (Minecraft) Player526[local:E:a164ba0e] logged in with entity id 1 at (8.5, -60.0, 1.5)
[13:44:58] [Server thread/INFO] (Minecraft) Player526 joined the game
[13:44:59] [Render thread/INFO] (Minecraft) Loaded 0 advancements
[13:45:03] [Server thread/INFO] (Minecraft) Saving and pausing game...
[13:45:03] [Server thread/INFO] (Minecraft) Saving chunks for level 'ServerLevel[New World]'/minecraft:overworld
[13:45:03] [Server thread/INFO] (Minecraft) Saving chunks for level 'ServerLevel[New World]'/minecraft:the_nether
[13:45:03] [Server thread/INFO] (Minecraft) Saving chunks for level 'ServerLevel[New World]'/minecraft:the_end
[13:45:07] [Render thread/ERROR] (Minecraft) ########## GL ERROR ##########
[13:45:07] [Render thread/ERROR] (Minecraft) @ Render
[13:45:07] [Render thread/ERROR] (Minecraft) 65540: Invalid scancode -1
[13:45:22] [Render thread/INFO] (Minecraft) [System] [CHAT] I pressed a Key
[13:45:22] [Render thread/INFO] (Minecraft) [System] [CHAT] I pressed a Key
[13:45:23] [Render thread/INFO] (Minecraft) [System] [CHAT] I pressed a Key
[13:45:23] [Render thread/INFO] (Minecraft) [System] [CHAT] I pressed a Key
[13:45:23] [Render thread/INFO] (Minecraft) [System] [CHAT] I pressed a Key
[13:45:24] [Render thread/INFO] (Minecraft) [System] [CHAT] I pressed a Key
[13:45:24] [Render thread/INFO] (Minecraft) [System] [CHAT] I pressed a Key
[13:45:24] [Render thread/INFO] (Minecraft) [System] [CHAT] I pressed a Key
[13:45:24] [Render thread/INFO] (Minecraft) [System] [CHAT] I pressed a Key
[13:45:25] [Render thread/INFO] (Minecraft) [System] [CHAT] I pressed a Key
[13:45:25] [Render thread/INFO] (Minecraft) [System] [CHAT] I pressed a Key
[13:45:27] [Render thread/INFO] (Minecraft) [System] [CHAT] I pressed a Key
[13:45:28] [Render thread/INFO] (Minecraft) [System] [CHAT] I pressed a Key
[13:45:35] [Render thread/INFO] (Minecraft) [System] [CHAT] I pressed a Key
[13:45:35] [Render thread/INFO] (Minecraft) [System] [CHAT] I pressed a Key
[13:45:36] [Render thread/INFO] (Minecraft) [System] [CHAT] I pressed a Key
[13:45:44] [Server thread/INFO] (Minecraft) Saving and pausing game...
[13:45:44] [Server thread/INFO] (Minecraft) Saving chunks for level 'ServerLevel[New World]'/minecraft:overworld
[13:45:44] [Server thread/INFO] (Minecraft) Saving chunks for level 'ServerLevel[New World]'/minecraft:the_nether
[13:45:44] [Server thread/INFO] (Minecraft) Saving chunks for level 'ServerLevel[New World]'/minecraft:the_end
[13:45:47] [Server thread/INFO] (Minecraft) Player526 lost connection: Disconnected
[13:45:47] [Server thread/INFO] (Minecraft) Player526 left the game
[13:45:47] [Server thread/INFO] (Minecraft) Stopping singleplayer server as player logged out
[13:45:47] [Server thread/INFO] (Minecraft) Stopping server
[13:45:47] [Server thread/INFO] (Minecraft) Saving players
[13:45:47] [Server thread/INFO] (Minecraft) Saving worlds
[13:45:47] [Server thread/INFO] (Minecraft) Saving chunks for level 'ServerLevel[New World]'/minecraft:overworld
[13:45:49] [Server thread/INFO] (Minecraft) Saving chunks for level 'ServerLevel[New World]'/minecraft:the_nether
[13:45:49] [Server thread/INFO] (Minecraft) Saving chunks for level 'ServerLevel[New World]'/minecraft:the_end
[13:45:49] [Server thread/INFO] (Minecraft) ThreadedAnvilChunkStorage (New World): All chunks are saved
[13:45:49] [Server thread/INFO] (Minecraft) ThreadedAnvilChunkStorage (DIM-1): All chunks are saved
[13:45:49] [Server thread/INFO] (Minecraft) ThreadedAnvilChunkStorage (DIM1): All chunks are saved
[13:45:49] [Server thread/INFO] (Minecraft) ThreadedAnvilChunkStorage: All dimensions are saved
[13:45:50] [Render thread/INFO] (Minecraft) Stopping!
